-------------------------------------------------------------------------------
Test set: my.pack.PointTest
-------------------------------------------------------------------------------
Tests run: 1, Failures: 0, Errors: 1, Skipped: 0, Time elapsed: 0.803 s <<< FAILURE! -- in my.pack.PointTest
my.pack.PointTest.test -- Time elapsed: 0.800 s <<< ERROR!
java.lang.IllegalArgumentException: A language with id 'python' is not installed. Installed languages are: [].
	at org.graalvm.truffle/com.oracle.truffle.polyglot.PolyglotEngineException.illegalArgument(PolyglotEngineException.java:131)
	at org.graalvm.truffle/com.oracle.truffle.polyglot.PolyglotEngineImpl.throwNotInstalled(PolyglotEngineImpl.java:1105)
	at org.graalvm.truffle/com.oracle.truffle.polyglot.PolyglotEngineImpl.requirePublicLanguage(PolyglotEngineImpl.java:1112)
	at org.graalvm.truffle/com.oracle.truffle.polyglot.PolyglotContextImpl.requirePublicLanguage(PolyglotContextImpl.java:1502)
	at org.graalvm.truffle/com.oracle.truffle.polyglot.PolyglotContextImpl.lookupLanguageContext(PolyglotContextImpl.java:1464)
	at org.graalvm.truffle/com.oracle.truffle.polyglot.PolyglotContextImpl.eval(PolyglotContextImpl.java:1473)
	at org.graalvm.truffle/com.oracle.truffle.polyglot.PolyglotContextDispatch.eval(PolyglotContextDispatch.java:63)
	at org.graalvm.sdk/org.graalvm.polyglot.Context.eval(Context.java:403)
	at org.graalvm.sdk/org.graalvm.polyglot.Context.eval(Context.java:429)
	at my.pack.Point.main(Point.java:18)
	at my.pack.PointTest.test(PointTest.java:52)
	at java.base/jdk.internal.reflect.NativeMethodAccessorImpl.invoke0(Native Method)
	at java.base/jdk.internal.reflect.NativeMethodAccessorImpl.invoke(NativeMethodAccessorImpl.java:77)
	at java.base/jdk.internal.reflect.DelegatingMethodAccessorImpl.invoke(DelegatingMethodAccessorImpl.java:43)
	at java.base/java.lang.reflect.Method.invoke(Method.java:568)
	at org.junit.runners.model.FrameworkMethod$1.runReflectiveCall(FrameworkMethod.java:59)
	at org.junit.internal.runners.model.ReflectiveCallable.run(ReflectiveCallable.java:12)
	at org.junit.runners.model.FrameworkMethod.invokeExplosively(FrameworkMethod.java:56)
	at org.junit.internal.runners.statements.InvokeMethod.evaluate(InvokeMethod.java:17)
	at org.junit.runners.ParentRunner$3.evaluate(ParentRunner.java:306)
	at org.junit.runners.BlockJUnit4ClassRunner$1.evaluate(BlockJUnit4ClassRunner.java:100)
	at org.junit.runners.ParentRunner.runLeaf(ParentRunner.java:366)
	at org.junit.runners.BlockJUnit4ClassRunner.runChild(BlockJUnit4ClassRunner.java:103)
	at org.junit.runners.BlockJUnit4ClassRunner.runChild(BlockJUnit4ClassRunner.java:63)
	at org.junit.runners.ParentRunner$4.run(ParentRunner.java:331)
	at org.junit.runners.ParentRunner$1.schedule(ParentRunner.java:79)
	at org.junit.runners.ParentRunner.runChildren(ParentRunner.java:329)
	at org.junit.runners.ParentRunner.access$100(ParentRunner.java:66)
	at org.junit.runners.ParentRunner$2.evaluate(ParentRunner.java:293)
	at org.junit.runners.ParentRunner$3.evaluate(ParentRunner.java:306)
	at org.junit.runners.ParentRunner.run(ParentRunner.java:413)
	at org.apache.maven.surefire.junit4.JUnit4Provider.execute(JUnit4Provider.java:316)
	at org.apache.maven.surefire.junit4.JUnit4Provider.executeWithRerun(JUnit4Provider.java:240)
	at org.apache.maven.surefire.junit4.JUnit4Provider.executeTestSet(JUnit4Provider.java:214)
	at org.apache.maven.surefire.junit4.JUnit4Provider.invoke(JUnit4Provider.java:155)
	at org.apache.maven.surefire.booter.ForkedBooter.runSuitesInProcess(ForkedBooter.java:385)
	at org.apache.maven.surefire.booter.ForkedBooter.execute(ForkedBooter.java:162)
	at org.apache.maven.surefire.booter.ForkedBooter.run(ForkedBooter.java:507)
	at org.apache.maven.surefire.booter.ForkedBooter.main(ForkedBooter.java:495)

